<?xml version="1.0" encoding="UTF-8"?>
<testng-results ignored="0" total="1" passed="1" failed="0" skipped="0">
  <reporter-output>
  </reporter-output>
  <suite started-at="2024-07-04T11:43:23 IST" name="Default suite" finished-at="2024-07-04T11:44:45 IST" duration-ms="82434">
    <groups>
    </groups>
    <test started-at="2024-07-04T11:43:23 IST" name="Default test" finished-at="2024-07-04T11:44:45 IST" duration-ms="82434">
      <class name="Test.JhaniTest">
        <test-method is-config="true" signature="set()[pri:0, instance:Test.JhaniTest@408d971b]" started-at="2024-07-04T11:43:23 IST" name="set" finished-at="2024-07-04T11:43:27 IST" duration-ms="3685" status="PASS">
          <reporter-output>
          </reporter-output>
        </test-method> <!-- set -->
        <test-method is-config="true" signature="url()[pri:0, instance:Test.JhaniTest@408d971b]" started-at="2024-07-04T11:43:27 IST" name="url" finished-at="2024-07-04T11:43:32 IST" duration-ms="5129" status="PASS">
          <reporter-output>
          </reporter-output>
        </test-method> <!-- url -->
        <test-method signature="test()[pri:0, instance:Test.JhaniTest@408d971b]" started-at="2024-07-04T11:43:32 IST" name="test" finished-at="2024-07-04T11:44:45 IST" duration-ms="73511" status="PASS">
          <reporter-output>
          </reporter-output>
        </test-method> <!-- test -->
      </class> <!-- Test.JhaniTest -->
    </test> <!-- Default test -->
  </suite> <!-- Default suite -->
</testng-results>
